{"level":"info","user":{"id":"38bb242d-7be3-4a0e-9232-f3f15ec5a38a","nombre":"Titox","password":"$2b$10$Cgy1ABxLemY2VsXRhiXz3u6bXW/2hq9DbDJSWjn93MAPHG3QnebXi","tipoUsuario":"ADMIN","ventaRapida":123,"updatedAt":"2020-12-09T00:46:22.057Z","createdAt":"2020-12-09T00:46:22.057Z","deletedAt":null},"service":"user-service"}
{"level":"info","user":{"id":"35f3eace-c7e8-4632-8580-6aa2bbd0be9c","nombre":"Titox","password":"$2b$10$Z/ApNyKSW2HgRovxNdRzTerPpBDeKF1S2EW9V2Y6mEukaiDhjtY.2","tipoUsuario":"ADMIN","ventaRapida":123,"updatedAt":"2020-12-14T03:35:28.060Z","createdAt":"2020-12-14T03:35:28.060Z","deletedAt":null},"service":"user-service"}
{"level":"error","errorID":"1a2defaf-f3ef-4ffd-8e0c-b7593ff4c003","message":"Unexpected token } in JSON at position 52","body":{},"statusCode":400,"service":"user-service"}
{"level":"error","errorID":"28e70196-c244-48a4-9cdc-50bc667c696f","message":"Unexpected token } in JSON at position 56","body":{},"statusCode":400,"service":"user-service"}
{"level":"error","errorID":"3c6cf3b5-5bac-4f3e-b3eb-11fae3ca3fca","message":"Nombre/Contraseña incorrecta","body":{"nombre":"Titox","password":"asdfi"},"statusCode":401,"service":"user-service"}
{"level":"error","errorID":"2e8970a2-b2f7-44b1-9679-059168315270","message":"Nombre/Contraseña incorrecta","body":{"nombre":"Titox","password":"test1234"},"statusCode":401,"service":"user-service"}
{"level":"info","user":{"id":"232fd0c1-64d2-40d3-8544-2ba764da2038","nombre":"Titox","password":"$2b$10$2Yt/y6yIHzeZFDjdNCwRSeFDEzEatLsViAlvc3/lIElX6dHjPQkby","tipoUsuario":"ADMIN","ventaRapida":123,"updatedAt":"2020-12-14T03:38:48.114Z","createdAt":"2020-12-14T03:38:48.114Z","deletedAt":null},"service":"user-service"}
{"level":"error","errorID":"024a4660-ccc5-4313-9729-73c17d789315","message":"Titox Ya existe!","body":{"nombre":"Titox","password":"test1234","tipoUsuario":"ADMIN","ventaRapida":123},"statusCode":409,"service":"user-service"}
{"level":"error","errorID":"a276e049-52df-4fc9-871a-7fd42486d15c","message":"Nombre/Contraseña incorrecta","body":{"nombre":"Titox","password":"test1234"},"statusCode":401,"service":"user-service"}
{"level":"info","user":{"id":"f85cd699-1a7c-4084-bca2-f32ec5e68f5e","nombre":"Titox","password":"$2b$10$q2JmpZnDoVt4hnqNgilO9.EJQkaSmMK3hb1XT3NhgTPE1WOEvvNjS","tipoUsuario":"ADMIN","ventaRapida":123,"updatedAt":"2020-12-14T03:40:34.785Z","createdAt":"2020-12-14T03:40:34.785Z","deletedAt":null},"service":"user-service"}
{"level":"info","user":{"id":"d45e2fc5-04b9-4e96-8c67-0085ff78a4b8","nombre":"Titox","password":"$2b$10$wAfj8WtczUJU0m3QORQ3LuPc/HFNmnSjegEtmSpmaGm1lowfV/gPq","tipoUsuario":"ADMIN","ventaRapida":123,"updatedAt":"2020-12-14T03:46:43.073Z","createdAt":"2020-12-14T03:46:43.073Z","deletedAt":null},"service":"user-service"}
{"level":"error","errorID":"c8aa05ab-0106-4a26-a9cb-79fe3d86b6da","message":"Titox Ya existe!","body":{"nombre":"Titox","password":"test1234","tipoUsuario":"ADMIN","ventaRapida":123},"statusCode":409,"service":"user-service"}
{"level":"info","user":{"id":"e8682f13-e8f7-42bc-8ddd-ffe269f80982","nombre":"Titox","password":"$2b$10$mtO0dLNBLef80TbreZbWduATMPzYpvSTjbc3F3kfh/4PX3uY7g90m","tipoUsuario":"ADMIN","ventaRapida":123,"updatedAt":"2020-12-14T03:48:09.702Z","createdAt":"2020-12-14T03:48:09.702Z","deletedAt":null},"service":"user-service"}
{"level":"info","user":{"id":"2920c9b3-2296-4440-b046-31002bda6782","nombre":"Titox","password":"$2b$10$XoGBdqlGCzFAI2D1SCiMyed9hy823L9ez716N0vF1CPec9y6e.lBm","tipoUsuario":"ADMIN","ventaRapida":123,"updatedAt":"2020-12-14T03:50:05.642Z","createdAt":"2020-12-14T03:50:05.642Z","deletedAt":null},"service":"user-service"}
{"level":"info","user":{"id":"06c1606a-10af-4e61-aa35-dafa3f290e20","nombre":"Titox","password":"$2b$10$WbWI0iXi1Bp1vRPFgT8/P.bAHUOFuR7.x537fo6qJPMTVRX/vKGaG","tipoUsuario":"ADMIN","ventaRapida":123,"updatedAt":"2020-12-14T03:50:59.166Z","createdAt":"2020-12-14T03:50:59.166Z","deletedAt":null},"service":"user-service"}
{"level":"info","user":{"id":"bb924bb3-ebaa-4a34-bc28-adec22e7b01d","nombre":"Titox","password":"$2b$10$eNND7iqOVXUxuypaPV3NQ.CZH/89p8fK4NPTjDIQcHdqvv08qDdvO","tipoUsuario":"ADMIN","ventaRapida":123,"updatedAt":"2020-12-14T03:52:42.264Z","createdAt":"2020-12-14T03:52:42.264Z","deletedAt":null},"service":"user-service"}
{"level":"error","errorID":"c3697880-1657-46b4-99fc-e752c9b6e144","message":"Titox Ya existe!","body":{"nombre":"Titox","password":"test1234","tipoUsuario":"ADMIN","ventaRapida":123},"statusCode":409,"service":"user-service"}
{"level":"error","errorID":"ff1df433-4c7b-436c-b2c1-2bfcf3a94245","message":"Nombre/Contraseña incorrecta","body":{"nombre":"Titox","password":"test14"},"statusCode":401,"service":"user-service"}
{"level":"info","user":{"id":"6bec7282-1125-40f1-8c84-90316868fc92","nombre":"Titox","password":"$2b$10$27XbQDXiXCjBjNKH4QWEu.NXl6xt71uCw04qjYL9yynIstOToXZiq","tipoUsuario":"ADMIN","ventaRapida":123,"updatedAt":"2020-12-14T04:25:27.604Z","createdAt":"2020-12-14T04:25:27.604Z","deletedAt":null},"service":"user-service"}
{"level":"info","user":{"id":"39068194-f9a9-410a-97b7-6cb0619695b4","nombre":"Titox","password":"$2b$10$z08dhmFU5N2/vjDWdjp30uwHLR9PTHXZQMNZBa/G2JePKucSjemKi","tipoUsuario":"ADMIN","ventaRapida":123,"updatedAt":"2020-12-14T04:44:44.214Z","createdAt":"2020-12-14T04:44:44.214Z","deletedAt":null},"service":"user-service"}
{"level":"info","user":{"id":"c373c575-e37a-45a3-828a-de15ecb0cfb4","nombre":"Titox","password":"$2b$10$LKijwkhlfAGOLQoLnO6ji.qrAdxEENXDYUho6juyts8rRbfAu8BNy","tipoUsuario":"ADMIN","ventaRapida":123,"updatedAt":"2020-12-14T05:06:53.003Z","createdAt":"2020-12-14T05:06:53.003Z","deletedAt":null},"service":"user-service"}
{"level":"info","user":{"id":"01ad2836-1fa6-401e-b304-11702d43b35f","nombre":"Titox","password":"$2b$10$BxhG87Iw0PZzgPltNyMqqeYGSjIa9QECq1YkM2k7YvtDalTM1hrLS","tipoUsuario":"ADMIN","ventaRapida":123,"updatedAt":"2020-12-16T03:01:59.707Z","createdAt":"2020-12-16T03:01:59.707Z","deletedAt":null},"service":"user-service"}
{"level":"error","errorID":"706e2121-c85a-4a0b-b119-e4f483581f7c","message":"\"permisos\" is required","body":{"nombre":"Titox","password":"test1234","tipoUsuario":"ADMIN","ventaRapida":123},"service":"user-service"}
{"level":"error","errorID":"02cf175e-ff02-49ab-bdac-310df9dc7f83","message":"\"permisos\" is required","body":{"nombre":"Titox","password":"test1234","tipoUsuario":"ADMIN","ventaRapida":123},"service":"user-service"}
{"level":"info","user":{"id":"1982ae3d-2768-4902-92ca-40b70fd57247","nombre":"Titox","password":"$2b$10$2yk.EaOIrZbZZ33j4yFAkOsot5vxOzxV0Y2hChDcq3KhOc1Y2RblS","permisos":"ADMIN","ventaRapida":123,"updatedAt":"2021-02-08T00:26:50.055Z","createdAt":"2021-02-08T00:26:50.055Z","deletedAt":null,"VentumId":null},"message":"user Created","service":"user-service"}
{"level":"error","errorID":"4f04c085-d722-47e2-bf04-2053d1aa7a0f","message":"Nombre/Contraseña incorrecta","body":{"nombre":"Titox","password":"test123"},"statusCode":401,"service":"user-service"}
{"level":"error","errorID":"de7b70ed-1a58-4b0c-a1bd-a02177af3f24","message":"Nombre/Contraseña incorrecta","body":{"nombre":"Titox","password":"test123"},"statusCode":401,"service":"user-service"}
{"level":"error","errorID":"c47dcfc5-a401-4efa-ae75-52e8d3215f7c","message":"secretOrPrivateKey must have a value","body":{"nombre":"Titox","password":"test1234"},"service":"user-service"}
{"level":"error","errorID":"2074c7dc-05dc-4dcd-8e2f-1f23d5ecc55c","message":"secretOrPrivateKey must have a value","body":{"nombre":"Titox","password":"test1234"},"service":"user-service"}
{"level":"info","user":{"id":"c0e172d6-58c3-4f41-a2a3-096043fe03aa","nombre":"Titox","password":"$2b$10$oBYuoBlSiForHysJ5bWy2ulljrWG/ImqeAsvGEitEnG/FOyIHfQCK","permisos":"ADMIN","ventaRapida":123,"updatedAt":"2021-02-08T00:32:51.820Z","createdAt":"2021-02-08T00:32:51.820Z","deletedAt":null,"VentumId":null},"message":"user Created","service":"user-service"}
{"level":"info","user":{"id":"c0e172d6-58c3-4f41-a2a3-096043fe03aa","nombre":"Titox","password":"$2b$10$oBYuoBlSiForHysJ5bWy2ulljrWG/ImqeAsvGEitEnG/FOyIHfQCK","permisos":"ADMIN","ventaRapida":123,"createdAt":"2021-02-08T00:32:51.820Z","updatedAt":"2021-02-08T00:32:51.820Z","deletedAt":null,"VentumId":null},"message":"Ingreso al sistema","service":"user-service"}
{"level":"info","user":{"id":"172ab3a3-1174-4850-a90b-db824e6ff8b9","nombre":"Titox","password":"$2b$10$JCC048bY0U0icmnb8bVC.uLJZzNQuZj2IpxihqDP3LCrf.kWKxU0u","permisos":"VENDEDOR","ventaRapida":123,"updatedAt":"2021-02-08T00:34:11.326Z","createdAt":"2021-02-08T00:34:11.326Z","deletedAt":null,"VentumId":null},"message":"user Created","service":"user-service"}
{"level":"info","user":{"id":"172ab3a3-1174-4850-a90b-db824e6ff8b9","nombre":"Titox","password":"$2b$10$JCC048bY0U0icmnb8bVC.uLJZzNQuZj2IpxihqDP3LCrf.kWKxU0u","permisos":"VENDEDOR","ventaRapida":123,"createdAt":"2021-02-08T00:34:11.326Z","updatedAt":"2021-02-08T00:34:11.326Z","deletedAt":null,"VentumId":null},"message":"Ingreso al sistema","service":"user-service"}
{"level":"info","user":{"id":"172ab3a3-1174-4850-a90b-db824e6ff8b9","nombre":"Titox","password":"$2b$10$JCC048bY0U0icmnb8bVC.uLJZzNQuZj2IpxihqDP3LCrf.kWKxU0u","permisos":"VENDEDOR","ventaRapida":123,"createdAt":"2021-02-08T00:34:11.326Z","updatedAt":"2021-02-08T00:34:11.326Z","deletedAt":null,"VentumId":null},"message":"Ingreso al sistema","service":"user-service"}
{"level":"error","errorID":"003ef424-1e42-4d75-bd9e-acbdd6ba1517","message":"Direccion no encontrada","body":{"codigoInterno":"es","nombre":"El sembrador SRL","email":"sembrame@esta.com","telefono":"343-1234565","descripcion":"Vendemos alcohol para emborrachar a tu suegra"},"statusCode":404,"service":"user-service"}
{"level":"error","errorID":"6fbb7499-8d3a-42a9-9899-4ebadc28b9fa","message":"Usuario no registrado","body":{"nombre":"Titox","password":"test1234"},"statusCode":404,"service":"user-service"}
{"level":"info","user":{"id":"e41f45ef-2bd4-4e7a-bbd4-eb90a3923323","nombre":"Titox","password":"$2b$10$5Ww7jzuv0H2HlNnlRiPZ4eSyaTRNOeEG0oGTkSFoK9kXAHxOtrTrq","permisos":"VENDEDOR","ventaRapida":123,"updatedAt":"2021-02-08T01:33:02.973Z","createdAt":"2021-02-08T01:33:02.973Z","deletedAt":null,"VentumId":null},"message":"user Created","service":"user-service"}
{"level":"info","user":{"id":"e41f45ef-2bd4-4e7a-bbd4-eb90a3923323","nombre":"Titox","password":"$2b$10$5Ww7jzuv0H2HlNnlRiPZ4eSyaTRNOeEG0oGTkSFoK9kXAHxOtrTrq","permisos":"VENDEDOR","ventaRapida":123,"createdAt":"2021-02-08T01:33:02.973Z","updatedAt":"2021-02-08T01:33:02.973Z","deletedAt":null,"VentumId":null},"message":"Ingreso al sistema","service":"user-service"}
{"level":"error","errorID":"da5f14f7-d8e8-44c8-bc4f-e011aeb0f608","message":"Direccion no encontrada","body":{"codigoInterno":"es","nombre":"El sembrador SRL","email":"sembrame@esta.com","telefono":"343-1234565","descripcion":"Vendemos alcohol para emborrachar a tu suegra"},"statusCode":404,"service":"user-service"}
{"level":"error","errorID":"5a69e5e1-b20c-4de4-af07-e4dfb65005d8","message":"Direccion no encontrada","body":{},"statusCode":404,"service":"user-service"}
